[14-May-2026 18:31:50 UTC] PHP Deprecated:  Creation of dynamic property Tradesw_Share_Intent\Core\Plugin::$frontend_interface is deprecated in /home/qkobcfli/domains/tradesnet.us/public_html/wp-content/plugins/tradesw-share-intent/src/Core/Plugin.php on line 62
[14-May-2026 18:31:50 UTC] PHP Fatal error:  Uncaught Error: Class "Tradesw_Share_Intent\Admin\AdminInterface" not found in /home/qkobcfli/domains/tradesnet.us/public_html/wp-content/plugins/tradesw-share-intent/src/Core/Plugin.php:63
Stack trace:
#0 /home/qkobcfli/domains/tradesnet.us/public_html/wp-content/plugins/tradesw-share-intent/src/Core/Plugin.php(52): Tradesw_Share_Intent\Core\Plugin->__construct()
#1 /home/qkobcfli/domains/tradesnet.us/public_html/wp-content/plugins/tradesw-share-intent/tradesw-share-intent.php(75): Tradesw_Share_Intent\Core\Plugin::get_instance()
#2 /home/qkobcfli/domains/tradesnet.us/public_html/wp-content/plugins/tradesw-share-intent/tradesw-share-intent.php(79): Tradesw_Share_Intent()
#3 /home/qkobcfli/domains/tradesnet.us/public_html/wp-admin/includes/plugin.php(2327): include_once('/home/qkobcfli/...')
#4 /home/qkobcfli/domains/tradesnet.us/public_html/wp-admin/includes/plugin.php(673): plugin_sandbox_scrape()
#5 /home/qkobcfli/domains/tradesnet.us/public_html/wp-admin/plugins.php(58): activate_plugin()
#6 {main}
  thrown in /home/qkobcfli/domains/tradesnet.us/public_html/wp-content/plugins/tradesw-share-intent/src/Core/Plugin.php on line 63
[14-May-2026 18:36:41 UTC] PHP Deprecated:  Creation of dynamic property Tradesw_Share_Intent\Core\Plugin::$frontend_interface is deprecated in /home/qkobcfli/domains/tradesnet.us/public_html/wp-content/plugins/tradesw-share-intent/src/Core/Plugin.php on line 62
[14-May-2026 18:36:41 UTC] PHP Fatal error:  Uncaught Error: Class "Tradesw_Share_Intent\Admin\AdminInterface" not found in /home/qkobcfli/domains/tradesnet.us/public_html/wp-content/plugins/tradesw-share-intent/src/Core/Plugin.php:63
Stack trace:
#0 /home/qkobcfli/domains/tradesnet.us/public_html/wp-content/plugins/tradesw-share-intent/src/Core/Plugin.php(52): Tradesw_Share_Intent\Core\Plugin->__construct()
#1 /home/qkobcfli/domains/tradesnet.us/public_html/wp-content/plugins/tradesw-share-intent/tradesw-share-intent.php(65): Tradesw_Share_Intent\Core\Plugin::get_instance()
#2 /home/qkobcfli/domains/tradesnet.us/public_html/wp-content/plugins/tradesw-share-intent/tradesw-share-intent.php(69): Tradesw_Share_Intent()
#3 /home/qkobcfli/domains/tradesnet.us/public_html/wp-admin/includes/plugin.php(2327): include_once('/home/qkobcfli/...')
#4 /home/qkobcfli/domains/tradesnet.us/public_html/wp-admin/includes/plugin.php(673): plugin_sandbox_scrape()
#5 /home/qkobcfli/domains/tradesnet.us/public_html/wp-admin/plugins.php(58): activate_plugin()
#6 {main}
  thrown in /home/qkobcfli/domains/tradesnet.us/public_html/wp-content/plugins/tradesw-share-intent/src/Core/Plugin.php on line 63
